# JRE version: Java(TM) SE Runtime Environment (9.0+11) (build 9.0.4+11)
# Java VM: Java HotSpot(TM) 64-Bit Server VM (9.0.4+11, mixed mode, tiered, compressed oops, g1 gc, windows-amd64)
Heap:
 garbage-first heap   total 223232K, used 129672K [0x0000000700000000, 0x00000007001006d0, 0x00000007c0000000)
  region size 1024K, 11 young (11264K), 2 survivors (2048K)
 Metaspace       used 96220K, capacity 104287K, committed 104392K, reserved 1138688K
  class space    used 13902K, capacity 15264K, committed 15304K, reserved 1048576K
GC Heap History (10 events):
Event: 1953.595 GC heap before
{Heap before GC invocations=293 (full 9):
 garbage-first heap   total 223232K, used 180580K [0x0000000700000000, 0x00000007001006d0, 0x00000007c0000000)
  region size 1024K, 60 young (61440K), 2 survivors (2048K)
 Metaspace       used 96154K, capacity 104219K, committed 104392K, reserved 1138688K
  class space    used 13902K, capacity 15264K, committed 15304K, reserved 1048576K
}
Event: 1953.599 GC heap after
{Heap after GC invocations=294 (full 9):
 garbage-first heap   total 223232K, used 121312K [0x0000000700000000, 0x00000007001006d0, 0x00000007c0000000)
  region size 1024K, 2 young (2048K), 2 survivors (2048K)
 Metaspace       used 96154K, capacity 104219K, committed 104392K, reserved 1138688K
  class space    used 13902K, capacity 15264K, committed 15304K, reserved 1048576K
}
Event: 1960.354 GC heap before
{Heap before GC invocations=294 (full 9):
 garbage-first heap   total 223232K, used 180704K [0x0000000700000000, 0x00000007001006d0, 0x00000007c0000000)
  region size 1024K, 60 young (61440K), 2 survivors (2048K)
 Metaspace       used 96168K, capacity 104219K, committed 104392K, reserved 1138688K
  class space    used 13902K, capacity 15264K, committed 15304K, reserved 1048576K
}
Event: 1960.358 GC heap after
{Heap after GC invocations=295 (full 9):
 garbage-first heap   total 223232K, used 121213K [0x0000000700000000, 0x00000007001006d0, 0x00000007c0000000)
  region size 1024K, 2 young (2048K), 2 survivors (2048K)
 Metaspace       used 96168K, capacity 104219K, committed 104392K, reserved 1138688K
  class space    used 13902K, capacity 15264K, committed 15304K, reserved 1048576K
}
Event: 1972.839 GC heap before
{Heap before GC invocations=296 (full 9):
 garbage-first heap   total 223232K, used 180605K [0x0000000700000000, 0x00000007001006d0, 0x00000007c0000000)
  region size 1024K, 60 young (61440K), 2 survivors (2048K)
 Metaspace       used 96176K, capacity 104219K, committed 104392K, reserved 1138688K
  class space    used 13902K, capacity 15264K, committed 15304K, reserved 1048576K
}
Event: 1972.843 GC heap after
{Heap after GC invocations=297 (full 9):
 garbage-first heap   total 223232K, used 121260K [0x0000000700000000, 0x00000007001006d0, 0x00000007c0000000)
  region size 1024K, 2 young (2048K), 2 survivors (2048K)
 Metaspace       used 96176K, capacity 104219K, committed 104392K, reserved 1138688K
  class space    used 13902K, capacity 15264K, committed 15304K, reserved 1048576K
}
Event: 1977.037 GC heap before
{Heap before GC invocations=297 (full 9):
 garbage-first heap   total 223232K, used 180652K [0x0000000700000000, 0x00000007001006d0, 0x00000007c0000000)
  region size 1024K, 60 young (61440K), 2 survivors (2048K)
 Metaspace       used 96181K, capacity 104219K, committed 104392K, reserved 1138688K
  class space    used 13902K, capacity 15264K, committed 15304K, reserved 1048576K
}
Event: 1977.041 GC heap after
{Heap after GC invocations=298 (full 9):
 garbage-first heap   total 223232K, used 121174K [0x0000000700000000, 0x00000007001006d0, 0x00000007c0000000)
  region size 1024K, 2 young (2048K), 2 survivors (2048K)
 Metaspace       used 96181K, capacity 104219K, committed 104392K, reserved 1138688K
  class space    used 13902K, capacity 15264K, committed 15304K, reserved 1048576K
}
Event: 1981.172 GC heap before
{Heap before GC invocations=299 (full 9):
 garbage-first heap   total 223232K, used 180566K [0x0000000700000000, 0x00000007001006d0, 0x00000007c0000000)
  region size 1024K, 60 young (61440K), 2 survivors (2048K)
 Metaspace       used 96218K, capacity 104287K, committed 104392K, reserved 1138688K
  class space    used 13902K, capacity 15264K, committed 15304K, reserved 1048576K
}
Event: 1981.176 GC heap after
{Heap after GC invocations=300 (full 9):
 garbage-first heap   total 223232K, used 121480K [0x0000000700000000, 0x00000007001006d0, 0x00000007c0000000)
  region size 1024K, 2 young (2048K), 2 survivors (2048K)
 Metaspace       used 96218K, capacity 104287K, committed 104392K, reserved 1138688K
  class space    used 13902K, capacity 15264K, committed 15304K, reserved 1048576K
}

